Flutter crash report.
Please report a bug at https://github.com/flutter/flutter/issues.

## command

flutter run --profile --device-id=00008130-000E3D80213A001C

## exception

String: failed to connect to http://127.0.0.1:52674/WlDtXLV9wGg=/ HttpException: Connection reset by peer, uri = http://127.0.0.1:52674/WlDtXLV9wGg=/ws

```
```

## flutter doctor

```
[✓] Flutter (Channel stable, 3.38.5, on macOS 26.1 25B78 darwin-arm64, locale de-DE) [97ms]
    • Flutter version 3.38.5 on channel stable at /Users/kingezeoffia/development/flutter
    • Upstream repository https://github.com/flutter/flutter.git
    • Framework revision f6ff1529fd (10 days ago), 2025-12-11 11:50:07 -0500
    • Engine revision 1527ae0ec5
    • Dart version 3.10.4
    • DevTools version 2.51.1
    • Feature flags: enable-web, enable-linux-desktop, enable-macos-desktop, enable-windows-desktop, enable-android, enable-ios, cli-animations, enable-native-assets, omit-legacy-version-file, enable-lldb-debugging

[!] Android toolchain - develop for Android devices (Android SDK version 36.1.0) [8,2s]
    • Android SDK at /Users/kingezeoffia/Library/Android/sdk
    • Emulator version 36.3.10.0 (build_id 14472402) (CL:N/A)
    ✗ cmdline-tools component is missing.
      Try installing or updating Android Studio.
      Alternatively, download the tools from https://developer.android.com/studio#command-line-tools-only and make sure to set the ANDROID_HOME environment variable.
      See https://developer.android.com/studio/command-line for more details.
    ✗ Android license status unknown.
      Run `flutter doctor --android-licenses` to accept the SDK licenses.
      See https://flutter.dev/to/macos-android-setup for more details.

[✓] Xcode - develop for iOS and macOS (Xcode 26.1.1) [1.090ms]
    • Xcode at /Applications/Xcode.app/Contents/Developer
    • Build 17B100
    • CocoaPods version 1.16.2

[✓] Chrome - develop for the web [2ms]
    • Chrome at /Applications/Google Chrome.app/Contents/MacOS/Google Chrome

[✓] Connected device (4 available) [5,8s]
    • iPhone von King (mobile) • 00008130-000E3D80213A001C            • ios            • iOS 26.1 23B85
    • iPhone (mobile)          • C906F922-7E2B-42BD-85E2-CF3E8ECAC09D • ios            • com.apple.CoreSimulator.SimRuntime.iOS-26-1 (simulator)
    • macOS (desktop)          • macos                                • darwin-arm64   • macOS 26.1 25B78 darwin-arm64
    • Chrome (web)             • chrome                               • web-javascript • Google Chrome 143.0.7499.148

[✓] Network resources [359ms]
    • All expected network resources are available.

! Doctor found issues in 1 category.
```
